<?xml version="1.0" encoding="UTF-8"?>
<testng-results skipped="0" failed="0" total="1" passed="1">
  <reporter-output>
  </reporter-output>
  <suite name="Default suite" duration-ms="63436" started-at="2021-03-14T07:31:05Z" finished-at="2021-03-14T07:32:08Z">
    <groups>
    </groups>
    <test name="Default test" duration-ms="63436" started-at="2021-03-14T07:31:05Z" finished-at="2021-03-14T07:32:08Z">
      <class name="com.crm.comcasr.purchaseordertest.TestcaseID_16">
        <test-method status="PASS" signature="configBS()[pri:0, instance:com.crm.comcasr.purchaseordertest.TestcaseID_16@3108bc]" name="configBS" is-config="true" duration-ms="1104" started-at="2021-03-14T13:01:04Z" finished-at="2021-03-14T13:01:05Z">
          <reporter-output>
          </reporter-output>
        </test-method> <!-- configBS -->
        <test-method status="PASS" signature="configBC()[pri:0, instance:com.crm.comcasr.purchaseordertest.TestcaseID_16@3108bc]" name="configBC" is-config="true" duration-ms="17594" started-at="2021-03-14T13:01:05Z" finished-at="2021-03-14T13:01:22Z">
          <reporter-output>
          </reporter-output>
        </test-method> <!-- configBC -->
        <test-method status="PASS" signature="configBM()[pri:0, instance:com.crm.comcasr.purchaseordertest.TestcaseID_16@3108bc]" name="configBM" is-config="true" duration-ms="9396" started-at="2021-03-14T13:01:22Z" finished-at="2021-03-14T13:01:32Z">
          <reporter-output>
          </reporter-output>
        </test-method> <!-- configBM -->
        <test-method status="PASS" signature="createPurchase()[pri:0, instance:com.crm.comcasr.purchaseordertest.TestcaseID_16@3108bc]" name="createPurchase" duration-ms="34922" started-at="2021-03-14T13:01:32Z" finished-at="2021-03-14T13:02:07Z">
          <reporter-output>
          </reporter-output>
        </test-method> <!-- createPurchase -->
        <test-method status="PASS" signature="configAC()[pri:0, instance:com.crm.comcasr.purchaseordertest.TestcaseID_16@3108bc]" name="configAC" is-config="true" duration-ms="1468" started-at="2021-03-14T13:02:07Z" finished-at="2021-03-14T13:02:08Z">
          <reporter-output>
          </reporter-output>
        </test-method> <!-- configAC -->
        <test-method status="PASS" signature="configAS()[pri:0, instance:com.crm.comcasr.purchaseordertest.TestcaseID_16@3108bc]" name="configAS" is-config="true" duration-ms="387" started-at="2021-03-14T13:02:09Z" finished-at="2021-03-14T13:02:09Z">
          <reporter-output>
          </reporter-output>
        </test-method> <!-- configAS -->
      </class> <!-- com.crm.comcasr.purchaseordertest.TestcaseID_16 -->
    </test> <!-- Default test -->
  </suite> <!-- Default suite -->
</testng-results>
