<?xml version="1.0" encoding="UTF-8"?>
<testng-results skipped="0" failed="0" total="2" passed="2">
  <reporter-output>
  </reporter-output>
  <suite name="Default suite" duration-ms="304" started-at="2021-03-12T05:16:54Z" finished-at="2021-03-12T05:16:54Z">
    <groups>
    </groups>
    <test name="Default test" duration-ms="304" started-at="2021-03-12T05:16:54Z" finished-at="2021-03-12T05:16:54Z">
      <class name="Crm.comcast.Seleniumscripts.Frameworksfile.SampleTest">
        <test-method status="PASS" signature="demo()[pri:0, instance:Crm.comcast.Seleniumscripts.Frameworksfile.SampleTest@7c16905e]" name="demo" duration-ms="93" started-at="2021-03-12T10:46:54Z" finished-at="2021-03-12T10:46:54Z">
          <reporter-output>
          </reporter-output>
        </test-method> <!-- demo -->
        <test-method status="PASS" signature="test()[pri:0, instance:Crm.comcast.Seleniumscripts.Frameworksfile.SampleTest@7c16905e]" name="test" duration-ms="6" started-at="2021-03-12T10:46:54Z" finished-at="2021-03-12T10:46:54Z">
          <reporter-output>
          </reporter-output>
        </test-method> <!-- test -->
      </class> <!-- Crm.comcast.Seleniumscripts.Frameworksfile.SampleTest -->
    </test> <!-- Default test -->
  </suite> <!-- Default suite -->
</testng-results>
